This is pdfTeX, Version 3.14159265-2.6-1.40.17 (TeX Live 2016) (preloaded format=pdflatex 2016.5.22)  5 OCT 2017 00:23
entering extended mode
 restricted \write18 enabled.
 %&-line parsing enabled.
**Scribe-vignette.tex
(./Scribe-vignette.tex
LaTeX2e <2016/03/31>
Babel <3.9r> and hyphenation patterns for 83 language(s) loaded.
(/usr/local/texlive/2016/texmf-dist/tex/latex/base/article.cls
Document Class: article 2014/09/29 v1.4h Standard LaTeX document class
(/usr/local/texlive/2016/texmf-dist/tex/latex/base/size10.clo
File: size10.clo 2014/09/29 v1.4h Standard LaTeX file (size option)
)
\c@part=\count79
\c@section=\count80
\c@subsection=\count81
\c@subsubsection=\count82
\c@paragraph=\count83
\c@subparagraph=\count84
\c@figure=\count85
\c@table=\count86
\abovecaptionskip=\skip41
\belowcaptionskip=\skip42
\bibindent=\dimen102
)
(/usr/local/texlive/2016/texmf-dist/tex/latex/graphics/graphicx.sty
Package: graphicx 2014/10/28 v1.0g Enhanced LaTeX Graphics (DPC,SPQR)

(/usr/local/texlive/2016/texmf-dist/tex/latex/graphics/keyval.sty
Package: keyval 2014/10/28 v1.15 key=value parser (DPC)
\KV@toks@=\toks14
)
(/usr/local/texlive/2016/texmf-dist/tex/latex/graphics/graphics.sty
Package: graphics 2016/05/09 v1.0r Standard LaTeX Graphics (DPC,SPQR)

(/usr/local/texlive/2016/texmf-dist/tex/latex/graphics/trig.sty
Package: trig 2016/01/03 v1.10 sin cos tan (DPC)
)
(/usr/local/texlive/2016/texmf-dist/tex/latex/graphics-cfg/graphics.cfg
File: graphics.cfg 2016/01/02 v1.10 sample graphics configuration
)
Package graphics Info: Driver file: pdftex.def on input line 96.

(/usr/local/texlive/2016/texmf-dist/tex/latex/pdftex-def/pdftex.def
File: pdftex.def 2011/05/27 v0.06d Graphics/color for pdfTeX

(/usr/local/texlive/2016/texmf-dist/tex/generic/oberdiek/infwarerr.sty
Package: infwarerr 2016/05/16 v1.4 Providing info/warning/error messages (HO)
)
(/usr/local/texlive/2016/texmf-dist/tex/generic/oberdiek/ltxcmds.sty
Package: ltxcmds 2016/05/16 v1.23 LaTeX kernel commands for general use (HO)
)
\Gread@gobject=\count87
))
\Gin@req@height=\dimen103
\Gin@req@width=\dimen104
)
(/usr/local/texlive/2016/texmf-dist/tex/latex/graphics/color.sty
Package: color 2016/05/09 v1.1c Standard LaTeX Color (DPC)

(/usr/local/texlive/2016/texmf-dist/tex/latex/graphics-cfg/color.cfg
File: color.cfg 2016/01/02 v1.6 sample color configuration
)
Package color Info: Driver file: pdftex.def on input line 144.
)
(./framed.sty
Package: framed 2011/10/22 v 0.96: framed or shaded text with page breaks
\OuterFrameSep=\skip43
\fb@frw=\dimen105
\fb@frh=\dimen106
\FrameRule=\dimen107
\FrameSep=\dimen108
) (/usr/local/texlive/2016/texmf-dist/tex/latex/base/alltt.sty
Package: alltt 1997/06/16 v2.0g defines alltt environment
)
(./whbiocvignette.sty
Package: whbiocvignette 2013/02/24 Wolfgang Huber's class for Bioconductor vign
ettes

(/usr/local/texlive/2016/texmf-dist/tex/latex/hyperref/hyperref.sty
Package: hyperref 2016/05/05 v6.83n Hypertext links for LaTeX

(/usr/local/texlive/2016/texmf-dist/tex/generic/oberdiek/hobsub-hyperref.sty
Package: hobsub-hyperref 2016/05/16 v1.14 Bundle oberdiek, subset hyperref (HO)


(/usr/local/texlive/2016/texmf-dist/tex/generic/oberdiek/hobsub-generic.sty
Package: hobsub-generic 2016/05/16 v1.14 Bundle oberdiek, subset generic (HO)
Package: hobsub 2016/05/16 v1.14 Construct package bundles (HO)
Package hobsub Info: Skipping package `infwarerr' (already loaded).
Package hobsub Info: Skipping package `ltxcmds' (already loaded).
Package: ifluatex 2016/05/16 v1.4 Provides the ifluatex switch (HO)
Package ifluatex Info: LuaTeX not detected.
Package: ifvtex 2016/05/16 v1.6 Detect VTeX and its facilities (HO)
Package ifvtex Info: VTeX not detected.
Package: intcalc 2016/05/16 v1.2 Expandable calculations with integers (HO)
Package: ifpdf 2016/05/14 v3.1 Provides the ifpdf switch
Package: etexcmds 2016/05/16 v1.6 Avoid name clashes with e-TeX commands (HO)
Package etexcmds Info: Could not find \expanded.
(etexcmds)             That can mean that you are not using pdfTeX 1.50 or
(etexcmds)             that some package has redefined \expanded.
(etexcmds)             In the latter case, load this package earlier.
Package: kvsetkeys 2016/05/16 v1.17 Key value parser (HO)
Package: kvdefinekeys 2016/05/16 v1.4 Define keys (HO)
Package: pdftexcmds 2016/05/10 v0.21 Utility functions of pdfTeX for LuaTeX (HO
)
Package pdftexcmds Info: LuaTeX not detected.
Package pdftexcmds Info: \pdf@primitive is available.
Package pdftexcmds Info: \pdf@ifprimitive is available.
Package pdftexcmds Info: \pdfdraftmode found.
Package: pdfescape 2016/05/16 v1.14 Implements pdfTeX's escape features (HO)
Package: bigintcalc 2016/05/16 v1.4 Expandable calculations on big integers (HO
)
Package: bitset 2016/05/16 v1.2 Handle bit-vector datatype (HO)
Package: uniquecounter 2016/05/16 v1.3 Provide unlimited unique counter (HO)
)
Package hobsub Info: Skipping package `hobsub' (already loaded).
Package: letltxmacro 2016/05/16 v1.5 Let assignment for LaTeX macros (HO)
Package: hopatch 2016/05/16 v1.3 Wrapper for package hooks (HO)
Package: xcolor-patch 2016/05/16 xcolor patch
Package: atveryend 2016/05/16 v1.9 Hooks at the very end of document (HO)
Package atveryend Info: \enddocument detected (standard20110627).
Package: atbegshi 2016/05/16 v1.17 At begin shipout hook (HO)
Package: refcount 2016/05/16 v3.5 Data extraction from label references (HO)
Package: hycolor 2016/05/16 v1.8 Color options for hyperref/bookmark (HO)
)
(/usr/local/texlive/2016/texmf-dist/tex/generic/ifxetex/ifxetex.sty
Package: ifxetex 2010/09/12 v0.6 Provides ifxetex conditional
)
(/usr/local/texlive/2016/texmf-dist/tex/latex/oberdiek/auxhook.sty
Package: auxhook 2016/05/16 v1.4 Hooks for auxiliary files (HO)
)
(/usr/local/texlive/2016/texmf-dist/tex/latex/oberdiek/kvoptions.sty
Package: kvoptions 2016/05/16 v3.12 Key value format for package options (HO)
)
\@linkdim=\dimen109
\Hy@linkcounter=\count88
\Hy@pagecounter=\count89

(/usr/local/texlive/2016/texmf-dist/tex/latex/hyperref/pd1enc.def
File: pd1enc.def 2016/05/05 v6.83n Hyperref: PDFDocEncoding definition (HO)
)
\Hy@SavedSpaceFactor=\count90

(/usr/local/texlive/2016/texmf-dist/tex/latex/latexconfig/hyperref.cfg
File: hyperref.cfg 2002/06/06 v1.2 hyperref configuration of TeXLive
)
Package hyperref Info: Option `pdfpagelabels' set `true' on input line 4322.
Package hyperref Info: Option `plainpages' set `false' on input line 4322.
Package hyperref Info: Option `bookmarks' set `true' on input line 4322.
Package hyperref Info: Option `bookmarksnumbered' set `true' on input line 4322
.
Package hyperref Info: Option `bookmarksopen' set `true' on input line 4322.
Package hyperref Info: Option `raiselinks' set `true' on input line 4322.
Package hyperref Info: Hyper figures OFF on input line 4446.
Package hyperref Info: Link nesting OFF on input line 4451.
Package hyperref Info: Hyper index ON on input line 4454.
Package hyperref Info: Plain pages OFF on input line 4461.
Package hyperref Info: Backreferencing OFF on input line 4466.
Package hyperref Info: Implicit mode ON; LaTeX internals redefined.
Package hyperref Info: Bookmarks ON on input line 4691.
\c@Hy@tempcnt=\count91

(/usr/local/texlive/2016/texmf-dist/tex/latex/url/url.sty
\Urlmuskip=\muskip10
Package: url 2013/09/16  ver 3.4  Verb mode for urls, etc.
)
LaTeX Info: Redefining \url on input line 5044.
\XeTeXLinkMargin=\dimen110
\Fld@menulength=\count92
\Field@Width=\dimen111
\Fld@charsize=\dimen112
Package hyperref Info: Hyper figures OFF on input line 6298.
Package hyperref Info: Link nesting OFF on input line 6303.
Package hyperref Info: Hyper index ON on input line 6306.
Package hyperref Info: backreferencing OFF on input line 6313.
Package hyperref Info: Link coloring OFF on input line 6318.
Package hyperref Info: Link coloring with OCG OFF on input line 6323.
Package hyperref Info: PDF/A mode OFF on input line 6328.
LaTeX Info: Redefining \ref on input line 6368.
LaTeX Info: Redefining \pageref on input line 6372.
\Hy@abspage=\count93
\c@Item=\count94
\c@Hfootnote=\count95
)

Package hyperref Message: Driver (autodetected): hpdftex.

(/usr/local/texlive/2016/texmf-dist/tex/latex/hyperref/hpdftex.def
File: hpdftex.def 2016/05/05 v6.83n Hyperref driver for pdfTeX
\Fld@listcount=\count96
\c@bookmark@seq@number=\count97

(/usr/local/texlive/2016/texmf-dist/tex/latex/oberdiek/rerunfilecheck.sty
Package: rerunfilecheck 2016/05/16 v1.8 Rerun checks for auxiliary files (HO)
Package uniquecounter Info: New unique counter `rerunfilecheck' on input line 2
82.
)
\Hy@SectionHShift=\skip44
)
(/usr/local/texlive/2016/texmf-dist/tex/latex/xcolor/xcolor.sty
Package: xcolor 2016/05/11 v2.12 LaTeX color extensions (UK)

(/usr/local/texlive/2016/texmf-dist/tex/latex/graphics-cfg/color.cfg
File: color.cfg 2016/01/02 v1.6 sample color configuration
)
Package xcolor Info: Package option `usenames' ignored on input line 216.
Package xcolor Info: Driver file: pdftex.def on input line 225.
LaTeX Info: Redefining \color on input line 709.
Package xcolor Info: Model `cmy' substituted by `cmy0' on input line 1348.
Package xcolor Info: Model `hsb' substituted by `rgb' on input line 1352.
Package xcolor Info: Model `RGB' extended on input line 1364.
Package xcolor Info: Model `HTML' substituted by `rgb' on input line 1366.
Package xcolor Info: Model `Hsb' substituted by `hsb' on input line 1367.
Package xcolor Info: Model `tHsb' substituted by `hsb' on input line 1368.
Package xcolor Info: Model `HSB' substituted by `hsb' on input line 1369.
Package xcolor Info: Model `Gray' substituted by `gray' on input line 1370.
Package xcolor Info: Model `wave' substituted by `hsb' on input line 1371.

(/usr/local/texlive/2016/texmf-dist/tex/latex/graphics/dvipsnam.def
File: dvipsnam.def 2015/12/30 v3.0k Driver-dependent file (DPC,SPQR)
))
(/usr/local/texlive/2016/texmf-dist/tex/latex/geometry/geometry.sty
Package: geometry 2010/09/12 v5.6 Page Geometry
\Gm@cnth=\count98
\Gm@cntv=\count99
\c@Gm@tempcnt=\count100
\Gm@bindingoffset=\dimen113
\Gm@wd@mp=\dimen114
\Gm@odd@mp=\dimen115
\Gm@even@mp=\dimen116
\Gm@layoutwidth=\dimen117
\Gm@layoutheight=\dimen118
\Gm@layouthoffset=\dimen119
\Gm@layoutvoffset=\dimen120
\Gm@dimlist=\toks15
)
(/usr/local/texlive/2016/texmf-dist/tex/latex/psnfss/helvet.sty
Package: helvet 2005/04/12 PSNFSS-v9.2a (WaS) 
)
(/usr/local/texlive/2016/texmf-dist/tex/latex/cite/cite.sty
LaTeX Info: Redefining \cite on input line 302.
LaTeX Info: Redefining \nocite on input line 332.
Package: cite 2015/02/27  v 5.5
)
(/usr/local/texlive/2016/texmf-dist/tex/latex/sectsty/sectsty.sty
Package: sectsty 2002/02/25 v2.0.2 Commands to change all sectional heading sty
les
)
(/usr/local/texlive/2016/texmf-dist/tex/latex/fancyhdr/fancyhdr.sty
\fancy@headwidth=\skip45
\f@ncyO@elh=\skip46
\f@ncyO@erh=\skip47
\f@ncyO@olh=\skip48
\f@ncyO@orh=\skip49
\f@ncyO@elf=\skip50
\f@ncyO@erf=\skip51
\f@ncyO@olf=\skip52
\f@ncyO@orf=\skip53
)
(/usr/local/texlive/2016/texmf-dist/tex/generic/xstring/xstring.sty
(/usr/local/texlive/2016/texmf-dist/tex/generic/xstring/xstring.tex
\@xs@message=\write3
\integerpart=\count101
\decimalpart=\count102
)
Package: xstring 2013/10/13  v1.7c  String manipulations (C Tellechea)
)
(/Library/Frameworks/R.framework/Resources/share/texmf/tex/latex/Sweave.sty
Package: Sweave 

(/usr/local/texlive/2016/texmf-dist/tex/latex/base/ifthen.sty
Package: ifthen 2014/09/29 v1.1c Standard LaTeX ifthen package (DPC)
)
(/usr/local/texlive/2016/texmf-dist/tex/latex/fancyvrb/fancyvrb.sty
Package: fancyvrb 2008/02/07

Style option: `fancyvrb' v2.7a, with DG/SPQR fixes, and firstline=lastline fix 
<2008/02/07> (tvz)
\FV@CodeLineNo=\count103
\FV@InFile=\read1
\FV@TabBox=\box26
\c@FancyVerbLine=\count104
\FV@StepNumber=\count105
\FV@OutFile=\write4
)
(/usr/local/texlive/2016/texmf-dist/tex/latex/base/textcomp.sty
Package: textcomp 2005/09/27 v1.99g Standard LaTeX package
Package textcomp Info: Sub-encoding information:
(textcomp)               5 = only ISO-Adobe without \textcurrency
(textcomp)               4 = 5 + \texteuro
(textcomp)               3 = 4 + \textohm
(textcomp)               2 = 3 + \textestimated + \textcurrency
(textcomp)               1 = TS1 - \textcircled - \t
(textcomp)               0 = TS1 (full)
(textcomp)             Font families with sub-encoding setting implement
(textcomp)             only a restricted character set as indicated.
(textcomp)             Family '?' is the default used for unknown fonts.
(textcomp)             See the documentation for details.
Package textcomp Info: Setting ? sub-encoding to TS1/1 on input line 79.

(/usr/local/texlive/2016/texmf-dist/tex/latex/base/ts1enc.def
File: ts1enc.def 2001/06/05 v3.0e (jk/car/fm) Standard LaTeX file
)
LaTeX Info: Redefining \oldstylenums on input line 334.
Package textcomp Info: Setting cmr sub-encoding to TS1/0 on input line 349.
Package textcomp Info: Setting cmss sub-encoding to TS1/0 on input line 350.
Package textcomp Info: Setting cmtt sub-encoding to TS1/0 on input line 351.
Package textcomp Info: Setting cmvtt sub-encoding to TS1/0 on input line 352.
Package textcomp Info: Setting cmbr sub-encoding to TS1/0 on input line 353.
Package textcomp Info: Setting cmtl sub-encoding to TS1/0 on input line 354.
Package textcomp Info: Setting ccr sub-encoding to TS1/0 on input line 355.
Package textcomp Info: Setting ptm sub-encoding to TS1/4 on input line 356.
Package textcomp Info: Setting pcr sub-encoding to TS1/4 on input line 357.
Package textcomp Info: Setting phv sub-encoding to TS1/4 on input line 358.
Package textcomp Info: Setting ppl sub-encoding to TS1/3 on input line 359.
Package textcomp Info: Setting pag sub-encoding to TS1/4 on input line 360.
Package textcomp Info: Setting pbk sub-encoding to TS1/4 on input line 361.
Package textcomp Info: Setting pnc sub-encoding to TS1/4 on input line 362.
Package textcomp Info: Setting pzc sub-encoding to TS1/4 on input line 363.
Package textcomp Info: Setting bch sub-encoding to TS1/4 on input line 364.
Package textcomp Info: Setting put sub-encoding to TS1/5 on input line 365.
Package textcomp Info: Setting uag sub-encoding to TS1/5 on input line 366.
Package textcomp Info: Setting ugq sub-encoding to TS1/5 on input line 367.
Package textcomp Info: Setting ul8 sub-encoding to TS1/4 on input line 368.
Package textcomp Info: Setting ul9 sub-encoding to TS1/4 on input line 369.
Package textcomp Info: Setting augie sub-encoding to TS1/5 on input line 370.
Package textcomp Info: Setting dayrom sub-encoding to TS1/3 on input line 371.
Package textcomp Info: Setting dayroms sub-encoding to TS1/3 on input line 372.

Package textcomp Info: Setting pxr sub-encoding to TS1/0 on input line 373.
Package textcomp Info: Setting pxss sub-encoding to TS1/0 on input line 374.
Package textcomp Info: Setting pxtt sub-encoding to TS1/0 on input line 375.
Package textcomp Info: Setting txr sub-encoding to TS1/0 on input line 376.
Package textcomp Info: Setting txss sub-encoding to TS1/0 on input line 377.
Package textcomp Info: Setting txtt sub-encoding to TS1/0 on input line 378.
Package textcomp Info: Setting lmr sub-encoding to TS1/0 on input line 379.
Package textcomp Info: Setting lmdh sub-encoding to TS1/0 on input line 380.
Package textcomp Info: Setting lmss sub-encoding to TS1/0 on input line 381.
Package textcomp Info: Setting lmssq sub-encoding to TS1/0 on input line 382.
Package textcomp Info: Setting lmvtt sub-encoding to TS1/0 on input line 383.
Package textcomp Info: Setting lmtt sub-encoding to TS1/0 on input line 384.
Package textcomp Info: Setting qhv sub-encoding to TS1/0 on input line 385.
Package textcomp Info: Setting qag sub-encoding to TS1/0 on input line 386.
Package textcomp Info: Setting qbk sub-encoding to TS1/0 on input line 387.
Package textcomp Info: Setting qcr sub-encoding to TS1/0 on input line 388.
Package textcomp Info: Setting qcs sub-encoding to TS1/0 on input line 389.
Package textcomp Info: Setting qpl sub-encoding to TS1/0 on input line 390.
Package textcomp Info: Setting qtm sub-encoding to TS1/0 on input line 391.
Package textcomp Info: Setting qzc sub-encoding to TS1/0 on input line 392.
Package textcomp Info: Setting qhvc sub-encoding to TS1/0 on input line 393.
Package textcomp Info: Setting futs sub-encoding to TS1/4 on input line 394.
Package textcomp Info: Setting futx sub-encoding to TS1/4 on input line 395.
Package textcomp Info: Setting futj sub-encoding to TS1/4 on input line 396.
Package textcomp Info: Setting hlh sub-encoding to TS1/3 on input line 397.
Package textcomp Info: Setting hls sub-encoding to TS1/3 on input line 398.
Package textcomp Info: Setting hlst sub-encoding to TS1/3 on input line 399.
Package textcomp Info: Setting hlct sub-encoding to TS1/5 on input line 400.
Package textcomp Info: Setting hlx sub-encoding to TS1/5 on input line 401.
Package textcomp Info: Setting hlce sub-encoding to TS1/5 on input line 402.
Package textcomp Info: Setting hlcn sub-encoding to TS1/5 on input line 403.
Package textcomp Info: Setting hlcw sub-encoding to TS1/5 on input line 404.
Package textcomp Info: Setting hlcf sub-encoding to TS1/5 on input line 405.
Package textcomp Info: Setting pplx sub-encoding to TS1/3 on input line 406.
Package textcomp Info: Setting pplj sub-encoding to TS1/3 on input line 407.
Package textcomp Info: Setting ptmx sub-encoding to TS1/4 on input line 408.
Package textcomp Info: Setting ptmj sub-encoding to TS1/4 on input line 409.
)
(/usr/local/texlive/2016/texmf-dist/tex/latex/base/fontenc.sty
Package: fontenc 2005/09/27 v1.99g Standard LaTeX package

(/usr/local/texlive/2016/texmf-dist/tex/latex/base/t1enc.def
File: t1enc.def 2005/09/27 v1.99g Standard LaTeX file
LaTeX Font Info:    Redeclaring font encoding T1 on input line 48.
))
(/usr/local/texlive/2016/texmf-dist/tex/latex/ae/ae.sty
Package: ae 2001/02/12 1.3 Almost European Computer Modern

(/usr/local/texlive/2016/texmf-dist/tex/latex/base/fontenc.sty
Package: fontenc 2005/09/27 v1.99g Standard LaTeX package

(/usr/local/texlive/2016/texmf-dist/tex/latex/base/t1enc.def
File: t1enc.def 2005/09/27 v1.99g Standard LaTeX file
LaTeX Font Info:    Redeclaring font encoding T1 on input line 48.
)
LaTeX Font Info:    Try loading font information for T1+aer on input line 105.

(/usr/local/texlive/2016/texmf-dist/tex/latex/ae/t1aer.fd
File: t1aer.fd 1997/11/16 Font definitions for T1/aer.
)))))
(/usr/local/texlive/2016/texmf-dist/tex/latex/upquote/upquote.sty
Package: upquote 2012/04/19 v1.3 upright-quote and grave-accent glyphs in verba
tim
)
(./Scribe-vignette.aux)
\openout1 = `Scribe-vignette.aux'.

LaTeX Font Info:    Checking defaults for OML/cmm/m/it on input line 76.
LaTeX Font Info:    ... okay on input line 76.
LaTeX Font Info:    Checking defaults for T1/cmr/m/n on input line 76.
LaTeX Font Info:    ... okay on input line 76.
LaTeX Font Info:    Checking defaults for OT1/cmr/m/n on input line 76.
LaTeX Font Info:    ... okay on input line 76.
LaTeX Font Info:    Checking defaults for OMS/cmsy/m/n on input line 76.
LaTeX Font Info:    ... okay on input line 76.
LaTeX Font Info:    Checking defaults for OMX/cmex/m/n on input line 76.
LaTeX Font Info:    ... okay on input line 76.
LaTeX Font Info:    Checking defaults for U/cmr/m/n on input line 76.
LaTeX Font Info:    ... okay on input line 76.
LaTeX Font Info:    Checking defaults for PD1/pdf/m/n on input line 76.
LaTeX Font Info:    ... okay on input line 76.
LaTeX Font Info:    Checking defaults for TS1/cmr/m/n on input line 76.
LaTeX Font Info:    Try loading font information for TS1+cmr on input line 76.

(/usr/local/texlive/2016/texmf-dist/tex/latex/base/ts1cmr.fd
File: ts1cmr.fd 2014/09/29 v2.5h Standard LaTeX font definitions
)
LaTeX Font Info:    ... okay on input line 76.
LaTeX Font Info:    Try loading font information for T1+aess on input line 76.

(/usr/local/texlive/2016/texmf-dist/tex/latex/ae/t1aess.fd
File: t1aess.fd 1997/11/16 Font definitions for T1/aess.
)
(/usr/local/texlive/2016/texmf-dist/tex/context/base/mkii/supp-pdf.mkii
[Loading MPS to PDF converter (version 2006.09.02).]
\scratchcounter=\count106
\scratchdimen=\dimen121
\scratchbox=\box27
\nofMPsegments=\count107
\nofMParguments=\count108
\everyMPshowfont=\toks16
\MPscratchCnt=\count109
\MPscratchDim=\dimen122
\MPnumerator=\count110
\makeMPintoPDFobject=\count111
\everyMPtoPDFconversion=\toks17
) (/usr/local/texlive/2016/texmf-dist/tex/latex/oberdiek/epstopdf-base.sty
Package: epstopdf-base 2016/05/15 v2.6 Base part for package epstopdf

(/usr/local/texlive/2016/texmf-dist/tex/latex/oberdiek/grfext.sty
Package: grfext 2016/05/16 v1.2 Manage graphics extensions (HO)
)
Package grfext Info: Graphics extension search list:
(grfext)             [.png,.pdf,.jpg,.mps,.jpeg,.jbig2,.jb2,.PNG,.PDF,.JPG,.JPE
G,.JBIG2,.JB2,.eps]
(grfext)             \AppendGraphicsExtensions on input line 456.

(/usr/local/texlive/2016/texmf-dist/tex/latex/latexconfig/epstopdf-sys.cfg
File: epstopdf-sys.cfg 2010/07/13 v1.3 Configuration of (r)epstopdf for TeX Liv
e
))
\AtBeginShipoutBox=\box28
Package hyperref Info: Link coloring OFF on input line 76.

(/usr/local/texlive/2016/texmf-dist/tex/latex/hyperref/nameref.sty
Package: nameref 2012/10/27 v2.43 Cross-referencing by name of section

(/usr/local/texlive/2016/texmf-dist/tex/generic/oberdiek/gettitlestring.sty
Package: gettitlestring 2016/05/16 v1.5 Cleanup title references (HO)
)
\c@section@level=\count112
)
LaTeX Info: Redefining \ref on input line 76.
LaTeX Info: Redefining \pageref on input line 76.
LaTeX Info: Redefining \nameref on input line 76.

(./Scribe-vignette.out) (./Scribe-vignette.out)
\@outlinefile=\write5
\openout5 = `Scribe-vignette.out'.


*geometry* driver: auto-detecting
*geometry* detected driver: pdftex
*geometry* verbose mode - [ preamble ] result:
* driver: pdftex
* paper: a4paper
* layout: <same size as paper>
* layoutoffset:(h,v)=(0.0pt,0.0pt)
* modes: 
* h-part:(L,W,R)=(54.06006pt, 489.38776pt, 54.06006pt)
* v-part:(T,H,B)=(54.06006pt, 719.8549pt, 71.13188pt)
* \paperwidth=597.50787pt
* \paperheight=845.04684pt
* \textwidth=489.38776pt
* \textheight=719.8549pt
* \oddsidemargin=-18.20993pt
* \evensidemargin=-18.20993pt
* \topmargin=-55.20993pt
* \headheight=12.0pt
* \headsep=25.0pt
* \topskip=10.0pt
* \footskip=30.0pt
* \marginparwidth=65.0pt
* \marginparsep=11.0pt
* \columnsep=10.0pt
* \skip\footins=9.0pt plus 4.0pt minus 2.0pt
* \hoffset=0.0pt
* \voffset=0.0pt
* \mag=1000
* \@twocolumnfalse
* \@twosidefalse
* \@mparswitchfalse
* \@reversemarginfalse
* (1in=72.27pt=25.4mm, 1cm=28.453pt)

LaTeX Font Info:    External font `cmex10' loaded for size
(Font)              <12> on input line 87.
LaTeX Font Info:    External font `cmex10' loaded for size
(Font)              <8> on input line 87.
LaTeX Font Info:    External font `cmex10' loaded for size
(Font)              <6> on input line 87.
LaTeX Font Info:    Try loading font information for T1+aett on input line 87.
(/usr/local/texlive/2016/texmf-dist/tex/latex/ae/t1aett.fd
File: t1aett.fd 1997/11/16 Font definitions for T1/aett.
)
LaTeX Font Info:    Font shape `T1/aess/m/it' in size <9> not available
(Font)              Font shape `T1/aess/m/sl' tried instead on input line 88.

(./Scribe-vignette.toc
LaTeX Font Info:    External font `cmex10' loaded for size
(Font)              <7> on input line 3.
LaTeX Font Info:    External font `cmex10' loaded for size
(Font)              <5> on input line 3.
)
\tf@toc=\write6
\openout6 = `Scribe-vignette.toc'.

LaTeX Font Info:    Font shape `T1/aess/m/it' in size <10> not available
(Font)              Font shape `T1/aess/m/sl' tried instead on input line 101.
 [1

{/usr/local/texlive/2016/texmf-var/fonts/map/pdftex/updmap/pdftex.map}]

Package xcolor Warning: Incompatible color definition on input line 121.


LaTeX Font Warning: Font shape `T1/aett/bx/n' undefined
(Font)              using `T1/aett/m/n' instead on input line 123.

LaTeX Font Info:    Try loading font information for TS1+aett on input line 131
.
(/Library/Frameworks/R.framework/Resources/share/texmf/tex/latex/ts1aett.fd
File: ts1aett.fd 
)
LaTeX Font Info:    Try loading font information for TS1+cmtt on input line 131
.

(/usr/local/texlive/2016/texmf-dist/tex/latex/base/ts1cmtt.fd
File: ts1cmtt.fd 2014/09/29 v2.5h Standard LaTeX font definitions
)
LaTeX Font Info:    Font shape `TS1/aett/m/n' in size <10> not available
(Font)              Font shape `TS1/cmtt/m/n' tried instead on input line 131.
 [2]

Package xcolor Warning: Incompatible color definition on input line 145.


Package xcolor Warning: Incompatible color definition on input line 156.


Overfull \hbox (94.01779pt too wide) in paragraph at lines 154--156
\T1/aess/m/n/10 ex-pres-sion dy-nam-ics of the gene pair along the pseu-do-time
. For a branched tra-jec-tory, we can also use \T1/aess/bx/n/10 plot_gene_pairs
_branched_pseudotime
 []


Overfull \hbox (265.17084pt too wide) in paragraph at lines 160--160
[][]\T1/aett/bx/n/10 plot_gene_pairs_in_pseudotime[][]([][]cds_subset[] []= neu
-ron_sim_cds[, ],[] []gene_pairs_mat[] []=[]  []as.matrix[][](neuron_network[[]
[]c[][]([][]12[][],[] []8[][]),[] []1[][]:[][]2[][]]),[] []n_row[] []=[] []1[][
],[] []n_col[] []=[] []2[][],[][] 
 []


Overfull \hbox (144.66852pt too wide) in paragraph at lines 161--161
[]                              []\T1/aett/bx/n/10 log[] []= F,[] []fit-ting_ty
pe[] []=[] []\TS1/cmtt/m/n/10 '\T1/aett/bx/n/10 spline\TS1/cmtt/m/n/10 '[][]\T1
/aett/bx/n/10 )[] []+[]  []mon-o-cle[][]:::[][]monocle_theme_opts[][]()[] []+[]
 []xacHelper[][]::[][]nm_theme[][]()[][] 
 []

<figure/gene_pairwise_kinetic_plot-1.png, id=109, 2409.0pt x 1505.625pt>
File: figure/gene_pairwise_kinetic_plot-1.png Graphic file (type png)

<use figure/gene_pairwise_kinetic_plot-1.png>
Package pdftex.def Info: figure/gene_pairwise_kinetic_plot-1.png used on input 
line 165.
(pdftex.def)             Requested size: 489.38776pt x 305.8523pt.
 [3 <./figure/gene_pairwise_kinetic_plot-1.png>]
Overfull \hbox (249.45087pt too wide) in paragraph at lines 171--171
[][]\T1/aett/bx/n/10 plot_gene_pairs_branched_pseudotime[][]([][]cds_subset[] [
]= na_sim_cds,[] []gene_pairs_mat[] []=[] []as.matrix[][](neuron_network[[][]c[
][]([][]12[][],[] []8[][]),[] []1[][]:[][]2[][]]),[] []n_row[] []=[] []2[][],[]
 []n_col[] []=[] []2[][],[][] 
 []


Overfull \hbox (170.86847pt too wide) in paragraph at lines 172--172
[]                                    []\T1/aett/bx/n/10 log[] []= F,[] []fit-t
ing_type[] []=[] []\TS1/cmtt/m/n/10 '\T1/aett/bx/n/10 spline\TS1/cmtt/m/n/10 '[
][]\T1/aett/bx/n/10 )[] []+[] []mon-o-cle[][]:::[][]monocle_theme_opts[][]()[] 
[]+[] []xacHelper[][]::[][]nm_theme[][]()[][] 
 []

<figure/gene_pairwise_kinetic_plot-2.png, id=119, 2409.0pt x 1505.625pt>
File: figure/gene_pairwise_kinetic_plot-2.png Graphic file (type png)

<use figure/gene_pairwise_kinetic_plot-2.png>
Package pdftex.def Info: figure/gene_pairwise_kinetic_plot-2.png used on input 
line 176.
(pdftex.def)             Requested size: 489.38776pt x 305.8523pt.


Package xcolor Warning: Incompatible color definition on input line 187.


Overfull \hbox (78.26117pt too wide) in paragraph at lines 189--189
[][]\T1/aett/m/it/10 # we skip some func-tions be-low be-cause they uses plotly
 pack-age whose fig-ures can be ren-dered in a pdf file [][] 
 []


Overfull \hbox (228.59564pt too wide) in paragraph at lines 190--190
[][]\T1/aett/bx/n/10 plot_lagged_drevi[][]([][]cds_subset[] []= neu-ron_sim_cds
,[] []gene_pairs_mat[] []=[] []ma-trix[][]([][]c[][]([][]\TS1/cmtt/m/n/10 '\T1/
aett/bx/n/10 Zic1\TS1/cmtt/m/n/10 '[][]\T1/aett/bx/n/10 ,[] []\TS1/cmtt/m/n/10 
'\T1/aett/bx/n/10 Sox8\TS1/cmtt/m/n/10 '[][]\T1/aett/bx/n/10 ,[] []\TS1/cmtt/m/
n/10 '\T1/aett/bx/n/10 Brn2\TS1/cmtt/m/n/10 '[][]\T1/aett/bx/n/10 ,[] []\TS1/cm
tt/m/n/10 '\T1/aett/bx/n/10 Myt1L\TS1/cmtt/m/n/10 '[][]\T1/aett/bx/n/10 ,[] []\
TS1/cmtt/m/n/10 '\T1/aett/bx/n/10 Tuj1\TS1/cmtt/m/n/10 '[][]\T1/aett/bx/n/10 ,[
] []\TS1/cmtt/m/n/10 '\T1/aett/bx/n/10 Stat3\TS1/cmtt/m/n/10 '[][]\T1/aett/bx/n
/10 ),[] []ncol[] []=[] []2[][],[] []by-
 []

<figure/gene_pairwise_plot-1.png, id=120, 1204.5pt x 1806.75pt>
File: figure/gene_pairwise_plot-1.png Graphic file (type png)

<use figure/gene_pairwise_plot-1.png>
Package pdftex.def Info: figure/gene_pairwise_plot-1.png used on input line 195
.
(pdftex.def)             Requested size: 489.38776pt x 734.0731pt.
 [4 <./figure/gene_pairwise_kinetic_plot-2.png>]
Overfull \vbox (14.2182pt too high) has occurred while \output is active []


[5 <./figure/gene_pairwise_plot-1.png>]
LaTeX Font Info:    Font shape `TS1/aett/m/it' in size <10> not available
(Font)              Font shape `TS1/cmtt/m/it' tried instead on input line 207.


Overfull \hbox (66.08612pt too wide) in paragraph at lines 207--207
[][]\T1/aett/m/it/10 # plot_ly(type = \TS1/cmtt/m/it/10 '\T1/aett/m/it/10 scat-
ter3d\TS1/cmtt/m/it/10 '\T1/aett/m/it/10 , x = log10(x), y = log10(y), z = log1
0(z), mode = \TS1/cmtt/m/it/10 '\T1/aett/m/it/10 mark-ers\TS1/cmtt/m/it/10 '\T1
/aett/m/it/10 ) # show the orig-
 []


Package xcolor Warning: Incompatible color definition on input line 224.


Overfull \hbox (265.17084pt too wide) in paragraph at lines 227--227
[][]\T1/aett/bx/n/10 plot_lagged_drevi[][]([][]cds_subset[] []= neu-ron_sim_cds
[,[] []1[][]:[][]200[][]],[] []gene_pairs_mat[] []=[] []as.matrix[][](neuron_ne
twork[[][]c[][]([][]1[][],[] []3[][]),[] []1[][]:[][]2[][]]),[] []d[] []=[] []1
[][],[] []n_row[] []=[] []1[][],[] []n_col[] []=[] []2[][])[] []+[][] 
 []

<figure/plot_drevi-1.png, id=136, 2409.0pt x 1204.5pt>
File: figure/plot_drevi-1.png Graphic file (type png)

<use figure/plot_drevi-1.png>
Package pdftex.def Info: figure/plot_drevi-1.png used on input line 232.
(pdftex.def)             Requested size: 489.38776pt x 244.68184pt.

Overfull \hbox (134.2409pt too wide) in paragraph at lines 238--238
[][]\T1/aett/bx/n/10 plot_lagged_drevi[][]([][]cds_subset[] []= neu-ron_sim_cds
[,[] []1[][]:[][]200[][]],[] []gene_pairs_mat[] []=[] []ma-trix[][]([][]c[][]([
][]\TS1/cmtt/m/n/10 '\T1/aett/bx/n/10 Zic1\TS1/cmtt/m/n/10 '[][]\T1/aett/bx/n/1
0 ,[] []\TS1/cmtt/m/n/10 '\T1/aett/bx/n/10 Sox8\TS1/cmtt/m/n/10 '[][]\T1/aett/b
x/n/10 ,[] []\TS1/cmtt/m/n/10 '\T1/aett/bx/n/10 Brn2\TS1/cmtt/m/n/10 '[][]\T1/a
ett/bx/n/10 ,[] []\TS1/cmtt/m/n/10 '\T1/aett/bx/n/10 Myt1L\TS1/cmtt/m/n/10 '[][
]\T1/aett/bx/n/10 ),[] []by-
 []

<figure/plot_drevi-2.png, id=137, 2409.0pt x 1204.5pt>
File: figure/plot_drevi-2.png Graphic file (type png)

<use figure/plot_drevi-2.png>
Package pdftex.def Info: figure/plot_drevi-2.png used on input line 243.
(pdftex.def)             Requested size: 489.38776pt x 244.68184pt.
 [6 <./figure/plot_drevi-1.png>]

Package xcolor Warning: Incompatible color definition on input line 256.


Overfull \hbox (312.33075pt too wide) in paragraph at lines 259--259
[][]\T1/aett/bx/n/10 plot_gene_pairs_causality[][]([][]cds_subset[] []= neu-ron
_sim_cds[,[] []1[][]:[][]200[][]],[] []gene_pairs_mat[] []=[] []as.matrix[][](n
euron_network[[][]c[][]([][]8[][],[] []12[][]),[] []1[][]:[][]2[][]]),[] []d[] 
[]=[] []1[][],[] []n_row[] []=[] []1[][],[] []n_col[] []=[] []2[][])[] []+[][] 

 []

<figure/plot_gene_pairs_causality-1.png, id=144, 2409.0pt x 1204.5pt>
File: figure/plot_gene_pairs_causality-1.png Graphic file (type png)

<use figure/plot_gene_pairs_causality-1.png>
Package pdftex.def Info: figure/plot_gene_pairs_causality-1.png used on input l
ine 264.
(pdftex.def)             Requested size: 489.38776pt x 244.68184pt.
 [7 <./figure/plot_drevi-2.png> <./figure/plot_gene_pairs_causality-1.png>]

Package xcolor Warning: Incompatible color definition on input line 277.


Overfull \hbox (191.81097pt too wide) in paragraph at lines 280--280
[][]\T1/aett/bx/n/10 plot_comb_logic[][]([][]cds_subset[] []= neu-ron_sim_cds[,
 ],[] []gene_pairs_target_mat[] []=  sub-set_combinatorial_net,[] []d[] []=[] [
]1[][],[] []n_row[] []=[] []1[][],[] []n_col[] []=[] []2[][])[] []+[][] 
 []

<figure/plot_comb_logic-1.png, id=152, 2409.0pt x 1204.5pt>
File: figure/plot_comb_logic-1.png Graphic file (type png)

<use figure/plot_comb_logic-1.png>
Package pdftex.def Info: figure/plot_comb_logic-1.png used on input line 285.
(pdftex.def)             Requested size: 489.38776pt x 244.68184pt.


Package xcolor Warning: Incompatible color definition on input line 297.


Overfull \hbox (160.58923pt too wide) in paragraph at lines 300--300
[][]\T1/aett/bx/n/10 gene_name_vec[] []<-[] []c[][]([][]\TS1/cmtt/m/n/10 '\T1/a
ett/bx/n/10 Pax6\TS1/cmtt/m/n/10 '[][]\T1/aett/bx/n/10 ,[] []\TS1/cmtt/m/n/10 '
\T1/aett/bx/n/10 Mash1\TS1/cmtt/m/n/10 '[][]\T1/aett/bx/n/10 ,[] []\TS1/cmtt/m/
n/10 '\T1/aett/bx/n/10 Brn2\TS1/cmtt/m/n/10 '[][]\T1/aett/bx/n/10 ,[] []\TS1/cm
tt/m/n/10 '\T1/aett/bx/n/10 Zic1\TS1/cmtt/m/n/10 '[][]\T1/aett/bx/n/10 ,[] []\T
S1/cmtt/m/n/10 '\T1/aett/bx/n/10 Tuj1\TS1/cmtt/m/n/10 '[][]\T1/aett/bx/n/10 ,[]
 []\TS1/cmtt/m/n/10 '\T1/aett/bx/n/10 Hes5\TS1/cmtt/m/n/10 '[][]\T1/aett/bx/n/1
0 ,[] []\TS1/cmtt/m/n/10 '\T1/aett/bx/n/10 Scl\TS1/cmtt/m/n/10 '[][]\T1/aett/bx
/n/10 ,[] []\TS1/cmtt/m/n/10 '\T1/aett/bx/n/10 Olig2\TS1/cmtt/m/n/10 '[][]\T1/a
ett/bx/n/10 ,[] []\TS1/cmtt/m/n/10 '\T1/aett/bx/n/10 Stat3\TS1/cmtt/m/n/10 '[][
]\T1/aett/bx/n/10 ,[] []\TS1/cmtt/m/n/10 '\T1/aett/bx/n/10 Myt1L\TS1/cmtt/m/n/1
0 '[][]\T1/aett/bx/n/10 ,[] []\TS1/cmtt/m/n/10 '\T1/aett/bx/n/10 Aldh1L\TS1/cmt
t/m/n/10 '[][]\T1/aett/bx/n/10 ,[] []\TS1/cmtt/m/n/10 '\T1/aett/bx/n/10 Sox8\TS
1/cmtt/m/n/10 '[][]\T1/aett/bx/n/10 ,[] []\TS1/cmtt/m/n/10 '\T1/aett/bx/n/10 Ma
-
 []


Overfull \hbox (50.33124pt too wide) in paragraph at lines 302--302
[][]\T1/aett/bx/n/10 rdi_crdi_pseudotime_res_list[] []<-[] []cal-cu-late_tempor
al_causality[][]([][]cds_subset[] []= na_sim_cds[[][]1[][]:[][]12[][],[] []1[][
]:[][]200[][]],[] []win-
 []


Overfull \hbox (66.06866pt too wide) in paragraph at lines 310--310
[][]\T1/aett/bx/n/10 valid_all_cmbns_df[] []<-[] []data.frame[][]([][]pair[] []
=[] []paste[][]((all_cmbns[][]$[][]Var1), (all_cmbns[][]$[][]Var2),[] []sep[] [
]=[] []\TS1/cmtt/m/n/10 ' \T1/aett/bx/n/10 -> \TS1/cmtt/m/n/10 '[][]\T1/aett/bx
/n/10 ),[] []pval[] []=[] []0[][])[][] 
 []


Overfull \hbox (186.57971pt too wide) in paragraph at lines 316--316
[][]\T1/aett/bx/n/10 valid_all_cmbns_df[] []<-[] []data.frame[][]([][]pair[] []
=[] []paste[][](([][]as.character[][](neuron_network[,[] []1[][]])), ([][]as.ch
aracter[][](neuron_network[,[] []2[][]])),[] []sep[] []=[] []\TS1/cmtt/m/n/10 '
 \T1/aett/bx/n/10 -
 []


Overfull \hbox (97.49115pt too wide) in paragraph at lines 319--319
[][]\T1/aett/bx/n/10 pheatmap[][]::[][]pheatmap[][]([][]t[][](norm_valid_rdi_re
s[, ]),[] []clus-ter_rows[] []= F,[] []clus-ter_cols[] []= F,[] []an-no-ta-tion
_names_row[] []= T,[] []bor-
 []

[8 <./figure/plot_comb_logic-1.png>]
<figure/plot_temporal_rdi-1.png, id=158, 2409.0pt x 2409.0pt>
File: figure/plot_temporal_rdi-1.png Graphic file (type png)

<use figure/plot_temporal_rdi-1.png>
Package pdftex.def Info: figure/plot_temporal_rdi-1.png used on input line 323.

(pdftex.def)             Requested size: 489.38776pt x 489.3637pt.

Overfull \hbox (212.77966pt too wide) in paragraph at lines 329--329
[][]\T1/aett/bx/n/10 valid_all_cmbns_df_back[] []<-[] []data.frame[][]([][]pair
[] []=[] []paste[][](([][]as.character[][](neuron_network[,[] []1[][]])), ([][]
as.character[][](neuron_network[,[] []2[][]])),[] []sep[] []=[] []\TS1/cmtt/m/n
/10 ' \T1/aett/bx/n/10 -
 []


Overfull \hbox (39.85126pt too wide) in paragraph at lines 331--331
[][]\T1/aett/bx/n/10 norm_valid_rdi_res_back[] []<-[] []ap-ply[][](valid_rdi_re
s_back,[] []2[][],[] []func-tion[][]([][]x[][]) (x[] []-[] []min[][](x))[] []/[
] []([][]max[][](x)[] []-[] []min[][](x)))[][] 
 []


Overfull \hbox (3.17133pt too wide) in paragraph at lines 332--332
[][]\T1/aett/bx/n/10 pheatmap[][]::[][]pheatmap[][]([][]t[][](norm_valid_rdi_re
s_back[, ]),[] []clus-ter_rows[] []= F,[] []clus-ter_cols[] []= F,[] []an-no-ta
-
 []

<figure/plot_temporal_rdi-2.png, id=159, 2409.0pt x 2409.0pt>
File: figure/plot_temporal_rdi-2.png Graphic file (type png)

<use figure/plot_temporal_rdi-2.png>
Package pdftex.def Info: figure/plot_temporal_rdi-2.png used on input line 336.

(pdftex.def)             Requested size: 489.38776pt x 489.3637pt.
 [9 <./figure/plot_temporal_rdi-1.png>]
Overfull \hbox (66.06866pt too wide) in paragraph at lines 345--345
[][]\T1/aett/bx/n/10 valid_all_cmbns_df[] []<-[] []data.frame[][]([][]pair[] []
=[] []paste[][]((all_cmbns[][]$[][]Var1), (all_cmbns[][]$[][]Var2),[] []sep[] [
]=[] []\TS1/cmtt/m/n/10 ' \T1/aett/bx/n/10 -> \TS1/cmtt/m/n/10 '[][]\T1/aett/bx
/n/10 ),[] []pval[] []=[] []0[][])[][] 
 []


Overfull \hbox (186.57971pt too wide) in paragraph at lines 348--348
[][]\T1/aett/bx/n/10 valid_all_cmbns_df[] []<-[] []data.frame[][]([][]pair[] []
=[] []paste[][](([][]as.character[][](neuron_network[,[] []1[][]])), ([][]as.ch
aracter[][](neuron_network[,[] []2[][]])),[] []sep[] []=[] []\TS1/cmtt/m/n/10 '
 \T1/aett/bx/n/10 -
 []


Overfull \hbox (93.98114pt too wide) in paragraph at lines 351--351
[][]\T1/aett/m/it/10 # norm_valid_crdi_res_ordered <- norm_valid_crdi_res[, or-
der(unlist(apply(norm_valid_crdi_res, 2, which.max)))][][] 
 []


Overfull \hbox (102.73114pt too wide) in paragraph at lines 352--352
[][]\T1/aett/bx/n/10 pheatmap[][]::[][]pheatmap[][]([][]t[][](norm_valid_crdi_r
es[, ]),[] []clus-ter_rows[] []= F,[] []clus-ter_cols[] []= F,[] []an-no-ta-tio
n_names_row[] []= T,[] []bor-
 []

<figure/plot_temporal_rdi-3.png, id=165, 2409.0pt x 2409.0pt>
File: figure/plot_temporal_rdi-3.png Graphic file (type png)

<use figure/plot_temporal_rdi-3.png>
Package pdftex.def Info: figure/plot_temporal_rdi-3.png used on input line 356.

(pdftex.def)             Requested size: 489.38776pt x 489.3637pt.
 [10 <./figure/plot_temporal_rdi-2.png>]
Overfull \hbox (102.73114pt too wide) in paragraph at lines 362--362
[][]\T1/aett/bx/n/10 pheatmap[][]::[][]pheatmap[][]([][]t[][](norm_valid_crdi_r
es[, ]),[] []clus-ter_rows[] []= F,[] []clus-ter_cols[] []= F,[] []an-no-ta-tio
n_names_row[] []= T,[] []bor-
 []

<figure/plot_temporal_rdi-4.png, id=171, 2409.0pt x 2409.0pt>
File: figure/plot_temporal_rdi-4.png Graphic file (type png)

<use figure/plot_temporal_rdi-4.png>
Package pdftex.def Info: figure/plot_temporal_rdi-4.png used on input line 366.

(pdftex.def)             Requested size: 489.38776pt x 489.3637pt.
 [11 <./figure/plot_temporal_rdi-3.png>]
Overfull \hbox (123.6911pt too wide) in paragraph at lines 388--388
[][]\T1/aett/bx/n/10 res[] []<-[] []ap-ply[][](norm_valid_crdi_res,[] []2[][],[
] []func-tion[][]([][]x[][])[] []c[][]([][]mean[][](x[[][]1[][]:[][]37[][]]),[]
 []mean[][](x[[][]38[][]:[][]64[][]]),[] []mean[][](x[[][]65[][]:[][]111[][]]),
[] []mean[][](x[[][]112[][]:[][]150[][]])))[][] 
 []

<figure/plot_temporal_rdi-5.png, id=177, 2409.0pt x 2409.0pt>
File: figure/plot_temporal_rdi-5.png Graphic file (type png)

<use figure/plot_temporal_rdi-5.png>
Package pdftex.def Info: figure/plot_temporal_rdi-5.png used on input line 393.

(pdftex.def)             Requested size: 489.38776pt x 489.3637pt.
 [12 <./figure/plot_temporal_rdi-4.png>]
<figure/plot_temporal_rdi-6.png, id=183, 2409.0pt x 2409.0pt>
File: figure/plot_temporal_rdi-6.png Graphic file (type png)

<use figure/plot_temporal_rdi-6.png>
Package pdftex.def Info: figure/plot_temporal_rdi-6.png used on input line 403.

(pdftex.def)             Requested size: 489.38776pt x 489.3637pt.
 [13 <./figure/plot_temporal_rdi-5.png>]
<figure/plot_temporal_rdi-7.png, id=191, 2409.0pt x 2409.0pt>
File: figure/plot_temporal_rdi-7.png Graphic file (type png)

<use figure/plot_temporal_rdi-7.png>
Package pdftex.def Info: figure/plot_temporal_rdi-7.png used on input line 413.

(pdftex.def)             Requested size: 489.38776pt x 489.3637pt.
 [14 <./figure/plot_temporal_rdi-6.png>]
<figure/plot_temporal_rdi-8.png, id=197, 2409.0pt x 2409.0pt>
File: figure/plot_temporal_rdi-8.png Graphic file (type png)

<use figure/plot_temporal_rdi-8.png>
Package pdftex.def Info: figure/plot_temporal_rdi-8.png used on input line 423.

(pdftex.def)             Requested size: 489.38776pt x 489.3637pt.
 [15 <./figure/plot_temporal_rdi-7.png>]

Package xcolor Warning: Incompatible color definition on input line 436.


Package xcolor Warning: Incompatible color definition on input line 443.

<figure/plot_time_delay_heatmap-1.png, id=203, 2409.0pt x 2409.0pt>
File: figure/plot_time_delay_heatmap-1.png Graphic file (type png)

<use figure/plot_time_delay_heatmap-1.png>
Package pdftex.def Info: figure/plot_time_delay_heatmap-1.png used on input lin
e 445.
(pdftex.def)             Requested size: 489.38776pt x 489.3637pt.
 [16 <./figure/plot_temporal_rdi-8.png>]

Package xcolor Warning: Incompatible color definition on input line 461.


Overfull \hbox (34.61127pt too wide) in paragraph at lines 468--468
[][]\T1/aett/m/it/10 # cre-ate the net-work graph we want to es-ti-mate RDI (he
re we cal-cu-late all pos-si-ble pair of gene reg-
 []


Overfull \hbox (18.8913pt too wide) in paragraph at lines 473--473
[][]\T1/aett/bx/n/10 rdi_list[] []<-[] []cal-cu-late_rdi_multiple_run[][](neuro
n_sim_cds[,[] []1[][]:[][]200[][]],[] []run_vec[] []=[] []NULL[][],[] []de-lay[
] []=[] []c[][]([][]1[][]),[] []su-
 []


Overfull \hbox (50.33124pt too wide) in paragraph at lines 476--476
[][]\T1/aett/bx/n/10 con_rdi_res_test[] []<-[] []cal-cu-late_conditioned_rdi_mu
ltiple_run[][](neuron_sim_cds[,[] []1[][]:[][]200[][]],[] []run_vec[] []=[] []N
ULL[][],[] []su-
 []


Overfull \hbox (81.77118pt too wide) in paragraph at lines 480--480
[][]\T1/aett/bx/n/10 pheatmap[][]::[][]pheatmap[][](rdi_list[][]$[][]max_rdi_va
lue,[] []clus-ter_rows[] []= F,[] []clus-ter_cols[] []= F,[] []an-no-ta-tion_na
mes_col[] []= T,[] []bor-
 []

[17 <./figure/plot_time_delay_heatmap-1.png>]
<figure/plot_network-1.png, id=214, 2409.0pt x 2409.0pt>
File: figure/plot_network-1.png Graphic file (type png)

<use figure/plot_network-1.png>
Package pdftex.def Info: figure/plot_network-1.png used on input line 484.
(pdftex.def)             Requested size: 489.38776pt x 489.3637pt.
 [18]
Overfull \hbox (50.33124pt too wide) in paragraph at lines 490--490
[][]\T1/aett/bx/n/10 pheatmap[][]::[][]pheatmap[][](con_rdi_res_test,[] []clus-
ter_rows[] []= F,[] []clus-ter_cols[] []= F,[] []an-no-ta-tion_names_col[] []= 
T,[] []bor-
 []

<figure/plot_network-2.png, id=219, 2409.0pt x 2409.0pt>
File: figure/plot_network-2.png Graphic file (type png)

<use figure/plot_network-2.png>
Package pdftex.def Info: figure/plot_network-2.png used on input line 494.
(pdftex.def)             Requested size: 489.38776pt x 489.3637pt.
 [19 <./figure/plot_network-1.png>]
Overfull \hbox (45.09125pt too wide) in paragraph at lines 502--502
[][]\T1/aett/bx/n/10 data[][]([][]"example_graph"[][])[] []\T1/aett/m/it/10 #lo
ad the ex-am-ple_graph (we need to man-nu-ally set the ini-tial_nodes 1:2 in .p
ro-
 []

<figure/plot_network-3.png, id=226, 2409.0pt x 2409.0pt>
File: figure/plot_network-3.png Graphic file (type png)

<use figure/plot_network-3.png>
Package pdftex.def Info: figure/plot_network-3.png used on input line 508.
(pdftex.def)             Requested size: 489.38776pt x 489.3637pt.
 [20 <./figure/plot_network-2.png>]
<figure/plot_network-4.png, id=232, 2409.0pt x 2409.0pt>
File: figure/plot_network-4.png Graphic file (type png)

<use figure/plot_network-4.png>
Package pdftex.def Info: figure/plot_network-4.png used on input line 519.
(pdftex.def)             Requested size: 489.38776pt x 489.3637pt.
 [21 <./figure/plot_network-3.png>]
<figure/plot_network-5.png, id=238, 2409.0pt x 2409.0pt>
File: figure/plot_network-5.png Graphic file (type png)

<use figure/plot_network-5.png>
Package pdftex.def Info: figure/plot_network-5.png used on input line 529.
(pdftex.def)             Requested size: 489.38776pt x 489.3637pt.
 [22 <./figure/plot_network-4.png>] [23 <./figure/plot_network-5.png>]

LaTeX Warning: Reference `conv_rel2abs' on page 24 undefined on input line 832.


[24]

LaTeX Warning: Reference `citations' on page 25 undefined on input line 893.


Package xcolor Warning: Incompatible color definition on input line 896.


Overfull \hbox (579.57025pt too wide) in paragraph at lines 924--924
[]\T1/aett/bx/n/10 ##     author = {ANN Library: David Mount and Sunil Arya. fl
ann Packge: http://www.cs.ubc.ca/research/flann/. InformationEstimator: Xiaojie
 Qiu and Arman Rahimzamani and Sreeram Kannan and Cole Trapnell},[] 
 []

[25]

Package xcolor Warning: Incompatible color definition on input line 936.

(./Scribe-vignette.bbl [26])
Package atveryend Info: Empty hook `BeforeClearDocument' on input line 989.
 [27]
Package atveryend Info: Empty hook `AfterLastShipout' on input line 989.
 (./Scribe-vignette.aux)
Package atveryend Info: Executing hook `AtVeryEndDocument' on input line 989.
Package atveryend Info: Executing hook `AtEndAfterFileList' on input line 989.
Package rerunfilecheck Info: File `Scribe-vignette.out' has not changed.
(rerunfilecheck)             Checksum: 682A38D60ADF08722E1E88A406CB8E5D;1296.


LaTeX Font Warning: Some font shapes were not available, defaults substituted.


LaTeX Warning: There were undefined references.

Package atveryend Info: Empty hook `AtVeryVeryEnd' on input line 989.
 ) 
Here is how much of TeX's memory you used:
 8136 strings out of 493014
 120664 string characters out of 6133351
 218395 words of memory out of 5000000
 11433 multiletter control sequences out of 15000+600000
 37130 words of font info for 76 fonts, out of 8000000 for 9000
 1141 hyphenation exceptions out of 8191
 42i,12n,45p,1259b,421s stack positions out of 5000i,500n,10000p,200000b,80000s
{/usr/local/texlive/2016/texmf-dist/fonts/enc/dvips/cm-super/cm-super-ts1.enc
}</usr/local/texlive/2016/texmf-dist/fonts/type1/public/amsfonts/cm/cmex10.pfb>
</usr/local/texlive/2016/texmf-dist/fonts/type1/public/amsfonts/cm/cmitt10.pfb>
</usr/local/texlive/2016/texmf-dist/fonts/type1/public/amsfonts/cm/cmmi10.pfb><
/usr/local/texlive/2016/texmf-dist/fonts/type1/public/amsfonts/cm/cmmi7.pfb></u
sr/local/texlive/2016/texmf-dist/fonts/type1/public/amsfonts/cm/cmr10.pfb></usr
/local/texlive/2016/texmf-dist/fonts/type1/public/amsfonts/cm/cmr7.pfb></usr/lo
cal/texlive/2016/texmf-dist/fonts/type1/public/amsfonts/cm/cmss10.pfb></usr/loc
al/texlive/2016/texmf-dist/fonts/type1/public/amsfonts/cm/cmss12.pfb></usr/loca
l/texlive/2016/texmf-dist/fonts/type1/public/amsfonts/cm/cmss9.pfb></usr/local/
texlive/2016/texmf-dist/fonts/type1/public/amsfonts/cm/cmssbx10.pfb></usr/local
/texlive/2016/texmf-dist/fonts/type1/public/amsfonts/cm/cmssi10.pfb></usr/local
/texlive/2016/texmf-dist/fonts/type1/public/amsfonts/cm/cmssi9.pfb></usr/local/
texlive/2016/texmf-dist/fonts/type1/public/amsfonts/cm/cmsy10.pfb></usr/local/t
exlive/2016/texmf-dist/fonts/type1/public/amsfonts/cm/cmsy7.pfb></usr/local/tex
live/2016/texmf-dist/fonts/type1/public/amsfonts/cm/cmtt10.pfb></usr/local/texl
ive/2016/texmf-dist/fonts/type1/public/amsfonts/cm/cmtt12.pfb></usr/local/texli
ve/2016/texmf-dist/fonts/type1/public/cm-super/sfit1000.pfb></usr/local/texlive
/2016/texmf-dist/fonts/type1/public/cm-super/sftt1000.pfb>
Output written on Scribe-vignette.pdf (27 pages, 7458516 bytes).
PDF statistics:
 356 PDF objects out of 1000 (max. 8388607)
 264 compressed objects within 3 object streams
 60 named destinations out of 1000 (max. 500000)
 242 words of extra memory for PDF output out of 10000 (max. 10000000)

